  Using 'git status' to determine working set for adaptive non-unity build (C:\Users\aaron\Documents\Unreal Projects\StartProject\Start_Project).
  Creating makefile for Survival_GameEditor (config setting changed)
  Parsing headers for Survival_GameEditor
    Running UnrealHeaderTool "C:\Users\aaron\Documents\Unreal Projects\StartProject\Start_Project\Survival_Game\Survival_Game.uproject" "C:\Users\aaron\Documents\Unreal Projects\StartProject\Start_Project\Survival_Game\Intermediate\Build\Win64\Survival_GameEditor\Development\Survival_GameEditor.uhtmanifest" -LogCmds="loginit warning, logexit warning, logdatabase error" -Unattended -WarningsAsErrors -installed
  Reflection code generated for Survival_GameEditor in 20.2218036 seconds
  Building Survival_GameEditor...
  Using Visual Studio 2017 14.16.27026 toolchain (C:\Program Files (x86)\Microsoft Visual Studio\2017\Professional\VC\Tools\MSVC\14.16.27023) and Windows 10.0.17763.0 SDK (C:\Program Files (x86)\Windows Kits\10).
  Building 11 actions with 8 processes...
    [1/11] Default.rc2
    [2/11] SharedPCH.Engine.ShadowErrors.cpp
    [3/11] Survival_Game.cpp
    [4/11] Survival_Game.init.gen.cpp
    [5/11] Survival_GameGameMode.gen.cpp
    [6/11] Survival_GameCharacter.gen.cpp
    [7/11] Survival_GameGameMode.cpp
    [8/11] Survival_GameCharacter.cpp
    [9/11] UE4Editor-Survival_Game.lib
       Creating library C:\Users\aaron\Documents\Unreal Projects\StartProject\Start_Project\Survival_Game\Intermediate\Build\Win64\UE4Editor\Development\Survival_Game\UE4Editor-Survival_Game.lib and object C:\Users\aaron\Documents\Unreal Projects\StartProject\Start_Project\Survival_Game\Intermediate\Build\Win64\UE4Editor\Development\Survival_Game\UE4Editor-Survival_Game.exp
    [10/11] UE4Editor-Survival_Game.dll
       Creating library C:\Users\aaron\Documents\Unreal Projects\StartProject\Start_Project\Survival_Game\Intermediate\Build\Win64\UE4Editor\Development\Survival_Game\UE4Editor-Survival_Game.suppressed.lib and object C:\Users\aaron\Documents\Unreal Projects\StartProject\Start_Project\Survival_Game\Intermediate\Build\Win64\UE4Editor\Development\Survival_Game\UE4Editor-Survival_Game.suppressed.exp
    [11/11] Survival_GameEditor.target
  Total time in Parallel executor: 23.53 seconds
  Total execution time: 46.66 seconds
